<?xml version="1.0" encoding="UTF-8"?>
<testng-results ignored="0" total="1" passed="1" failed="0" skipped="0">
  <reporter-output>
  </reporter-output>
  <suite started-at="2021-01-29T19:34:43Z" name="Default suite" finished-at="2021-01-29T19:34:47Z" duration-ms="3865">
    <groups>
      <group name="cucumber">
        <method signature="AbstractTestNGCucumberTests.feature(cucumber.api.testng.CucumberFeatureWrapper)[pri:0, instance:testrunner.TestRunner@5082d622]" name="feature" class="cucumber.api.testng.AbstractTestNGCucumberTests"/>
      </group> <!-- cucumber -->
    </groups>
    <test started-at="2021-01-29T19:34:43Z" name="Default test" finished-at="2021-01-29T19:34:47Z" duration-ms="3865">
      <class name="testrunner.TestRunner">
        <test-method is-config="true" signature="setUpClass()[pri:0, instance:testrunner.TestRunner@5082d622]" started-at="2021-01-29T19:34:43Z" name="setUpClass" finished-at="2021-01-29T19:34:44Z" duration-ms="195" status="PASS">
          <reporter-output>
          </reporter-output>
        </test-method> <!-- setUpClass -->
        <test-method signature="feature(cucumber.api.testng.CucumberFeatureWrapper)[pri:0, instance:testrunner.TestRunner@5082d622]" started-at="2021-01-29T19:34:44Z" name="feature" description="Runs Cucumber Feature" data-provider="features" finished-at="2021-01-29T19:34:47Z" duration-ms="3573" status="PASS">
          <params>
            <param index="0">
              <value>
                <![CDATA[Fill out student form]]>
              </value>
            </param>
          </params>
          <reporter-output>
          </reporter-output>
        </test-method> <!-- feature -->
        <test-method is-config="true" signature="tearDownClass()[pri:0, instance:testrunner.TestRunner@5082d622]" started-at="2021-01-29T19:34:47Z" name="tearDownClass" finished-at="2021-01-29T19:34:47Z" duration-ms="6" status="PASS">
          <reporter-output>
          </reporter-output>
        </test-method> <!-- tearDownClass -->
      </class> <!-- testrunner.TestRunner -->
    </test> <!-- Default test -->
  </suite> <!-- Default suite -->
</testng-results>
